GeneId	N9311	LYP9	PA64s
Os04g0127200	21.92827067	14.33921367	5.628464667
Os10g0432400	30.42846667	15.944737	6.135028
Os07g0237700	4.897012333	16.692764	43.41523033
Os11g0569600	6.805092667	17.10865567	54.24639067
Os10g0495200	7.004762667	17.65665567	40.83896533
Os04g0487000	37.79065433	19.87208433	4.663248667
Os04g0218400	7.229392	20.944035	41.54423867
Os01g0115800	7.967703333	21.20210033	41.28943033
Os12g0194100	6.315725	22.63193967	67.467256
Os06g0288400	27.56802267	23.47341	6.650974667
Os11g0648400	8.713255	23.648518	74.00336633
Os01g0248300	8.68852	24.355313	102.142075
Os04g0269700	9.298990667	24.70559133	46.24328333
Os07g0228400	10.24295233	24.82997733	47.793297
Os04g0308100	7.112395	25.17198533	34.240009
Os05g0320800	8.139458	25.48471433	31.62621433
Os06g0505700	9.015906	26.19840067	32.397684
Os12g0299600	68.186292	27.349461	9.943724
Os05g0217900	68.186292	27.349461	9.943724
Os06g0189600	58.956885	27.46805267	10.120523
Os06g0653200	9.389156	28.05284533	34.577794
Os10g0124700	10.31474367	28.09469667	46.15846033
Os01g0544200	8.051305	28.576077	78.62910767
Os01g0543600	8.051305	28.576077	78.62910767
Os02g0507100	44.48736733	28.79773667	10.219864
Os04g0420500	10.41631133	28.990196	47.76121667
Os01g0368700	10.66731633	29.382574	62.97250633
Os11g0649600	31.797588	29.49587633	10.239124
Os11g0625900	54.81512367	29.759937	5.808166667
Os12g0197200	7.367022667	29.995344	49.107336
Os07g0521100	10.089394	29.99995233	74.27867667
Os04g0632300	8.915471	31.134442	102.3806813
Os11g0615900	4.628685	32.070714	134.769025
Os10g0506200	50.64695533	32.574789	10.64871
Os04g0208500	11.60774467	32.58967733	70.59128433
Os01g0532700	8.616110333	32.908183	67.37221
Os07g0521600	11.64556867	33.15628933	63.93293767
Os12g0248600	9.955573333	33.31514367	60.32224333
Os12g0557900	62.41372833	34.105565	5.953519667
Os01g0947700	6.761025667	34.57302867	97.658266
Os04g0380000	6.428241	34.683598	84.952933
Os01g0553301	11.44926	35.02995767	87.71713033
Os06g0621500	12.56680333	35.392203	61.54324033
Os12g0202800	53.58229	35.52278967	14.15745333
Os01g0369600	10.55559	36.146828	80.92156233
Os06g0492000	12.45169567	36.15896067	37.923306
Os07g0282500	12.72195667	36.268919	87.77944333
Os09g0529300	64.75797767	36.646658	13.98049267
Os09g0310800	11.13806667	36.821955	82.42290833
Os04g0107500	11.32382367	37.420666	61.15316833
Os10g0395400	11.604861	38.39542333	39.03393633
Os12g0637300	98.46671233	38.405867	4.955890333
Os04g0116600	14.51409467	38.553156	66.22270767
Os07g0573900	10.62330433	38.76292267	40.68196933
Os08g0132600	67.16595167	39.131226	14.56410933
Os08g0170200	55.552648	39.322807	14.246634
Os04g0173300	5.002892	39.39241333	61.67968067
Os07g0232300	15.71586167	39.53293667	62.14945567
Os08g0518800	14.18249267	39.68818467	86.64088133
Os12g0223000	10.521458	39.853238	92.76091567
Os01g0633500	14.53663367	42.009284	40.098896
Os01g0606400	67.96706833	42.84346067	11.522311
Os04g0376100	13.74683833	42.90802167	98.41832167
Os06g0621600	14.33509667	43.41461567	92.789338
Os01g0372500	5.735439	43.61725767	26.08452233
Os07g0200900	9.421386	43.626754	75.87939833
Os11g0565300	63.93932833	43.84149633	11.76948
Os12g0204600	10.894665	44.260554	69.597217
Os04g0219600	9.745630333	44.728164	78.64979733
Os12g0482500	10.46032	44.900596	84.58954767
Os08g0208200	11.35405067	45.29829467	119.620196
Os01g0633100	89.36878367	45.57995633	18.737608
Os01g0552500	17.81891067	45.62152633	103.8471977
Os04g0115200	86.328363	46.46592533	9.411774
Os10g0388500	8.895999333	47.18868667	88.4556
Os01g0117100	11.98673533	47.34329267	77.53491033
Os12g0622500	77.18367967	47.50778433	17.63159433
Os12g0221600	52.71710267	48.04409267	12.82518367
Os12g0511400	8.853207	48.392155	89.234603
Os07g0289600	14.056614	48.717057	76.68056333
Os07g0486400	14.50943067	48.82919367	96.739852
Os04g0184100	9.358516	49.60722067	97.50048533
Os12g0408800	11.54886833	49.80973167	108.9450773
Os12g0226700	12.905359	50.37285933	82.81405767
Os02g0545700	98.064959	50.45704967	6.181473
Os04g0180900	17.72507233	51.07239633	103.2454097
Os12g0553200	19.476972	51.08798667	68.30522267
Os08g0240533	76.03899667	51.14975833	13.40258033
Os07g0522600	19.47255067	51.966802	91.56820133
Os12g0448400	15.43209533	52.01110233	175.451324
Os12g0441700	8.203350333	52.349177	120.810055
Os12g0541200	10.889971	52.46010533	95.98772067
Os05g0210600	22.16123567	53.32042067	39.763216
Os07g0621400	77.420232	53.54765733	19.711809
Os12g0629700	113.9734117	53.890504	13.19189633
Os12g0428400	48.08163067	54.065155	11.70382367
Os03g0576600	84.352433	54.13742633	16.70915367
Os04g0249600	12.106643	55.07430867	688.3376647
Os05g0580100	15.581425	55.271218	98.98952033
Os04g0622600	11.59994367	55.334671	147.288637
Os04g0204300	18.60028833	56.06517033	97.84223833
Os11g0689100	6.326711333	56.17275033	120.5361093
Os12g0239900	13.19537967	56.61442267	100.3286153
Os01g0390300	8.836159	56.80989067	76.808298
Os12g0279000	10.20874633	56.939274	106.5606547
Os10g0159300	5.921101	57.246997	86.84793667
Os08g0421400	7.873036	57.25188067	94.95091433
Os02g0289700	81.224023	57.558188	17.40486667
Os01g0508300	13.13906567	57.746109	87.74830133
Os03g0663100	9.309322333	58.893099	158.4067237
Os10g0374666	22.27253567	59.30689733	69.93256467
Os07g0162600	15.54679967	59.63851767	147.0932083
Os03g0789500	136.8475743	59.71608733	16.40065533
Os09g0369400	88.30519867	60.25094867	13.42027033
Os01g0258000	24.98505167	60.451174	72.63205367
Os04g0384850	16.31359433	60.87528133	147.507571
Os12g0428200	5.134974	61.15853567	129.393467
Os04g0286400	14.041305	61.61362733	132.9217337
Os06g0135000	133.6944987	61.699349	7.347619333
Os07g0197100	22.571813	61.76153	98.59666267
Os09g0241700	7.396735333	63.10687067	142.1557363
Os06g0134466	155.3103767	64.34571467	13.691103
Os01g0117700	24.404542	64.38665933	99.237349
Os03g0438000	99.51393067	66.44320933	18.618539
Os08g0208400	8.941297333	66.457168	123.456998
Os12g0433700	72.599004	66.497175	18.05986433
Os11g0685400	10.54947133	66.81242433	142.8182723
Os01g0960600	129.7002377	66.87594633	10.65068633
Os01g0956500	129.7002377	66.87594633	10.65068633
Os07g0149300	161.264734	67.51039933	24.03387333
Os03g0754200	127.322912	67.801898	21.872129
Os09g0357300	92.898821	68.296546	25.021506
Os04g0126500	91.205564	68.521558	14.9242
Os07g0561300	329.2285223	68.82643267	23.13229233
Os07g0291800	14.16290467	69.16374567	81.596906
Os01g0113200	16.62243633	69.26145333	236.0835393
Os12g0250900	4.903538667	69.530095	150.5308147
Os12g0420000	14.01271933	69.920292	103.4169847
Os07g0582800	17.46876567	70.063143	127.2912947
Os07g0272800	18.18160133	70.779646	129.8031967
Os08g0404500	107.4405107	70.973736	24.56492167
Os12g0560500	24.78556233	71.04151933	119.8843877
Os02g0828500	105.0984407	71.71502433	19.81476267
Os01g0500400	115.6559293	71.727788	28.08869567
Os05g0317700	11.709346	72.139333	118.2138773
Os10g0409400	123.813711	72.22297767	21.62566433
Os01g0359400	21.92176367	72.87685633	143.4930767
Os12g0467700	20.02002533	72.99299233	163.367118
Os10g0212100	19.76452667	73.83918533	137.031705
Os08g0134900	135.7185427	74.040311	5.879605
Os01g0113900	14.159194	75.30105633	187.18124
Os04g0283700	26.622253	75.958221	147.3906123
Os07g0539900	258.1879617	76.01366467	21.80444033
Os01g0328300	21.028857	77.58012433	158.4765003
Os11g0150800	6.278860333	78.01746533	174.177832
Os06g0551800	21.25011633	78.69009033	162.3756037
Os05g0562000	12.12489033	78.70589267	202.771047
Os08g0540000	19.87665667	79.03603967	134.872391
Os01g0229100	19.68506533	79.231476	144.9226537
Os01g0553600	13.718263	79.95853567	201.121455
Os11g0686500	124.323643	80.00147067	28.57972833
Os09g0482860	109.2905627	80.02909433	26.09263133
Os04g0479800	128.1441963	80.254627	24.40436233
Os01g0539900	9.605713	81.27978167	191.1975727
Os07g0131000	28.52460533	81.91712267	92.45320633
Os12g0587200	33.198502	82.72817167	135.3046163
Os07g0643400	10.18342867	83.852484	155.040491
Os09g0112100	19.74627767	84.54800033	118.4232643
Os04g0128300	7.024562667	85.00925067	186.045426
Os07g0442800	168.42008	85.777327	9.553862333
Os03g0448500	9.309675333	85.84093833	167.1614843
Os08g0402800	97.67105133	85.90778967	8.172697
Os12g0255200	13.66179	86.227794	175.8080007
Os12g0222900	12.56266767	86.83719533	335.238659
Os03g0378000	6.643548333	87.25456733	199.5580883
Os12g0267064	16.67994133	87.65822767	197.2871
Os11g0180300	16.67994133	87.65822767	197.2871
Os01g0933400	16.67994133	87.65822767	197.2871
Os10g0569600	19.927823	87.78468367	181.568791
Os09g0425700	16.50245867	88.25393	205.0434883
Os09g0356800	129.1333407	90.23334233	18.30637367
Os05g0214300	175.7703947	90.481407	19.21479233
Os05g0472700	22.392905	90.85769867	145.1398183
Os01g0117600	21.08778467	90.907436	137.583841
Os05g0202800	112.0184627	91.484587	32.34489767
Os12g0198700	93.02780167	91.55145767	29.04935567
Os07g0148400	20.12656067	91.70433833	201.6131567
Os01g0776300	11.870505	92.52098533	160.312598
Os01g0944100	5.559943333	92.62617767	136.7141167
Os12g0256600	22.66701733	92.67961833	163.8683143
Os07g0258100	19.00818633	93.41071433	190.16044
Os01g0553400	14.889817	94.159391	188.2763417
Os12g0573900	17.14118333	94.32695633	201.0580693
Os02g0184900	13.60557267	94.64357267	196.9383927
Os11g0572800	30.56455567	94.94166733	161.007857
Os03g0782300	89.83869033	95.81354867	30.77536533
Os12g0158700	19.84234567	95.984375	190.1116737
Os10g0578100	36.310577	97.29268133	151.611301
Os05g0526400	204.4361007	97.72629	8.642047
Os03g0379500	8.628268	98.79150067	234.9451113
Os12g0406000	8.867562667	98.79717867	231.6468977
Os04g0542000	8.878861333	98.927623	374.031396
Os01g0894100	243.5712533	99.041177	12.12269233
Os05g0526700	38.80416167	100.008934	196.5373003
Os05g0140100	38.880672	100.4034757	29.375869
Os06g0491800	12.67816033	100.7297227	211.6956007
Os01g0362400	8.509615	100.9549753	249.7708037
Os03g0789800	152.3157973	101.084171	34.92492733
Os09g0365300	17.838708	101.6418457	185.823987
Os10g0158700	14.63318567	102.6112763	200.1517693
Os05g0172100	158.6693443	103.0792553	38.39872133
Os01g0117300	25.16136933	104.100776	179.7723213
Os07g0459000	20.00610033	106.0556063	179.41034
Os03g0680200	152.9868377	106.2202383	39.40407833
Os06g0190800	15.551009	107.8284833	217.3329613
Os02g0129000	236.103636	108.1107817	28.93360067
Os01g0380800	152.3064187	109.979276	16.29713733
Os11g0562100	180.1663213	110.033351	22.218468
Os09g0290900	13.11023233	110.2856697	250.1653697
Os07g0115300	39.855864	110.375599	97.68625167
Os10g0133600	184.0246123	111.296815	24.405904
Os07g0228600	14.52446833	112.52902	208.263853
Os02g0490500	172.0359463	114.1974987	29.08174667
Os04g0149400	17.708852	114.1979393	267.008582
Os04g0197200	25.97199433	115.0979703	116.462315
Os07g0601100	9.411983	115.613626	275.296245
Os09g0268300	41.28372933	115.702283	251.21871
Os06g0498000	176.938292	116.6853947	39.09168333
Os01g0117400	38.84375167	117.0630683	189.7273953
Os06g0190700	20.01759633	117.1441217	245.7399597
Os09g0124800	277.6436207	119.0110237	36.35305067
Os11g0219400	203.918213	119.5747987	36.30052433
Os08g0227200	18.293506	119.5993047	253.5107143
Os04g0630300	175.7805843	119.8692857	17.47682067
Os07g0242400	212.4191783	121.2185867	43.41842667
Os11g0226800	201.1147593	121.3397227	18.54065367
Os12g0516700	45.98680133	122.481189	207.1276987
Os01g0917200	157.9727293	122.814574	48.09117367
Os04g0170500	27.70898667	123.8183973	189.219755
Os09g0373200	47.60384	125.9360163	149.958753
Os05g0380900	34.57546967	126.9245063	288.063436
Os04g0611700	245.1648587	128.6687177	12.418683
Os04g0442800	13.081342	128.792849	282.1272193
Os04g0196300	47.28061367	129.0454713	199.3054647
Os02g0190950	169.616905	129.6918397	40.395769
Os11g0146000	44.70373967	130.087897	237.0130643
Os05g0221200	34.850148	131.932046	244.7679483
Os02g0164000	165.553423	131.9905233	49.20994767
Os04g0363700	49.42752933	133.1434463	195.1569617
Os02g0640800	120.3548377	134.527041	23.10179233
Os07g0215200	225.3193377	134.5643423	30.98627033
Os12g0239950	39.869062	134.5917633	220.353045
Os12g0411700	10.37700167	134.7123707	265.362706
Os07g0272400	48.73411333	134.7941067	214.876225
Os06g0620600	22.15019533	135.416841	241.5745247
Os02g0522300	12.03218	137.0015513	336.5748197
Os09g0347900	19.57616067	137.9927497	213.3162177
Os11g0668000	20.397744	138.3190797	279.9612173
Os01g0943000	52.33288833	138.7004977	242.1290397
Os06g0491300	264.147054	140.0680573	7.315596667
Os06g0224200	58.01271933	140.6106873	220.5406047
Os05g0563550	67.86921633	141.025727	50.82223333
Os01g0364400	253.0348307	141.044196	33.94990867
Os05g0225500	50.75157667	147.877969	250.110155
Os01g0382000	413.1918587	148.7184423	13.626854
Os03g0347900	415.0362583	149.404672	19.943907
Os10g0148400	18.718273	150.417861	150.563773
Os01g0249900	272.9050533	150.721885	12.78462233
Os08g0246800	54.10170433	154.0169123	243.4394303
Os02g0142800	235.3757067	154.6552757	7.430428333
Os01g0541000	14.51844567	156.746393	322.9983237
Os12g0539750	33.93569733	157.895715	240.4847717
Os08g0246400	8.649195	162.289847	337.3800223
Os11g0678200	293.1283933	165.210973	63.075124
Os07g0222900	279.532953	166.9927693	17.12908567
Os02g0513800	301.0203673	168.387993	46.42568533
Os09g0287300	62.89626667	171.195431	297.296957
Os08g0547800	60.170331	171.389897	249.0381213
Os02g0163400	13.95687667	171.8975457	340.6997733
Os04g0466000	276.4498267	172.6828643	71.758319
Os02g0475400	365.178388	173.611018	59.71693667
Os07g0523700	252.5236623	174.175628	44.831939
Os07g0523500	252.5236623	174.175628	44.831939
Os02g0589700	50.29391733	176.682398	360.2658587
Os08g0363000	12.792324	177.0891837	311.2056253
Os12g0290200	24.871267	177.9515183	301.0702007
Os11g0592200	294.0826227	178.443255	44.785531
Os07g0249900	68.88169467	178.5720717	386.1966183
Os02g0590400	9.19493	180.4035073	207.232916
Os07g0421200	51.93454467	180.4329007	330.9712607
Os12g0285100	58.76144833	181.1095233	335.2275903
Os07g0232800	638.6529953	181.2645877	64.00571967
Os07g0226200	22.02223333	182.6168717	765.370199
Os12g0254400	12.99165633	182.7373367	326.867856
Os12g0584100	7.565544333	182.8476277	472.677776
Os05g0124000	503.4434937	184.1621483	29.16197933
Os01g0119500	12.55966667	187.0512373	314.730243
Os03g0849600	8.327675	188.2056717	355.2885837
Os02g0536500	46.73637933	188.5983913	311.735792
Os06g0217700	334.6354707	189.6379257	70.802462
Os04g0156200	49.883138	191.1814993	332.3003937
Os07g0255900	7.143286667	192.983403	403.816271
Os01g0967600	24.51295567	195.1721937	350.902857
Os04g0405401	7.275344333	195.527319	395.0824627
Os07g0294250	58.67311967	196.8620683	409.270937
Os01g0256600	46.73136833	197.606724	317.8717813
Os07g0251200	28.47581567	199.0611833	454.6099737
Os07g0521000	69.02389433	200.0814463	288.039498
Os11g0655000	43.58419067	200.3838523	327.4802973
Os06g0626200	25.03347467	201.4043053	437.395189
Os01g0117500	71.40602567	202.7303177	246.8432387
Os12g0210800	77.93757333	204.0643297	305.402889
Os08g0535000	440.699962	205.259188	6.204681667
Os02g0306100	440.699962	205.259188	6.204681667
Os09g0520000	385.8415497	206.347446	11.44298367
Os10g0180800	7.179612	207.2056267	830.5673707
Os04g0689500	110.0227077	208.8414237	77.072724
Os07g0289400	12.18028267	209.4873743	407.8233073
Os12g0586300	258.995861	216.1819017	88.75498967
Os02g0186300	163.5870817	217.483821	14.02977
Os06g0277900	611.5097133	218.674781	100.978408
Os01g0502800	81.95331733	226.2841547	392.020877
Os07g0151800	431.7698563	227.743442	63.44148167
Os02g0163533	16.53721	228.3741753	383.35691
Os11g0203900	491.0861727	230.7074403	9.432479333
Os10g0136500	13.29168233	231.7942113	418.4464103
Os01g0590200	11.739356	233.9249947	418.4312133
Os11g0626700	233.9899203	237.2246067	26.02300967
Os10g0118200	198.156526	241.8377067	83.74324367
Os06g0318900	266.6255867	242.2033923	88.251985
Os04g0175600	45.36290733	242.8049427	605.4887883
Os01g0227800	74.957779	251.4658113	346.1948387
Os04g0305700	51.09038833	252.953695	239.5838517
Os12g0612300	74.74733733	253.5088057	319.878456
Os10g0443200	437.026271	253.5781653	94.303461
Os10g0569400	81.09683833	254.619387	519.4057923
Os07g0432201	53.29343433	256.358741	707.272667
Os12g0425800	20.55673233	256.4137913	511.2844583
Os12g0263800	76.85950433	259.0258933	477.656076
Os01g0541800	396.62217	260.8780353	99.033122
Os04g0120100	298.8303123	262.6363223	79.398855
Os11g0205500	17.80971233	262.8646937	452.1429553
Os12g0459300	32.715569	265.5570967	452.714928
Os11g0572400	99.51044233	267.640725	410.5970353
Os04g0458400	11.94475333	269.1959273	613.3443243
Os02g0762100	94.20796867	269.6491967	479.754302
Os01g0326000	73.106631	270.0396067	191.1927323
Os01g0327400	415.821256	270.8769107	88.25517133
Os12g0609800	103.601277	273.552736	457.3255607
Os07g0212400	565.3522893	273.5546967	78.01869767
Os07g0177966	15.611984	273.9223123	867.284857
Os04g0226400	12.13249167	274.322805	571.3125977
Os08g0414600	59.638453	275.2352243	503.7204907
Os08g0224500	92.34409167	276.8344057	319.6484687
Os04g0364800	8.960627333	277.0843693	596.1561307
Os09g0337300	395.1373803	283.427011	16.537955
Os04g0373400	673.9856893	283.6230303	29.93323333
Os11g0226700	548.4993447	284.8009757	13.34531967
Os12g0563600	100.1596403	285.5728833	324.2122743
Os01g0320700	13.92683667	285.6532463	650.971428
Os08g0540500	428.256961	288.707075	67.11825133
Os12g0159400	465.074902	291.0006287	57.64664433
Os11g0136400	423.3685567	291.5401897	100.3248617
Os01g0978500	26.19535267	291.8213393	536.4370457
Os04g0455350	80.57132667	293.223566	554.808417
Os03g0722200	537.0262703	297.0995643	9.395606
Os04g0323500	13.69248633	299.023138	680.6268503
Os01g0349600	17.576973	300.7725413	647.2768837
Os01g0115700	498.765745	301.5504443	115.023314
Os04g0478000	544.0734317	302.311031	18.080255
Os07g0195300	620.1961517	302.360145	92.60529567
Os09g0123500	17.80284267	303.4931413	550.626618
Os01g0967900	100.8511937	303.7405923	513.8539403
Os02g0163300	8.833885	311.379212	562.9501783
Os12g0552700	103.6097977	315.7232353	502.7285283
Os09g0274900	118.1778823	316.295682	513.00699
Os01g0846000	7.340855667	318.272534	600.4987087
Os01g0106300	79.03302533	318.3182533	585.4730843
Os07g0151200	10.058653	327.178485	670.6102667
Os02g0163600	15.68487367	335.1058423	614.037048
Os05g0318300	11.88765067	337.6244113	706.5105117
Os01g0228400	344.5699983	355.5366673	108.0005767
Os08g0133600	631.6540767	366.52425	30.81786267
Os06g0136100	631.5494533	369.3133977	137.1244197
Os04g0477900	675.6181577	379.4662193	19.478899
Os11g0233400	2.541332333	382.7299187	692.178731
Os02g0163500	12.34957633	385.272511	742.9001607
Os09g0409350	60.525568	389.2974693	452.0221627
Os03g0180500	74.17304733	390.1857753	660.126452
Os10g0136400	11.197	390.4391043	718.870913
Os12g0458900	9.388216667	392.2388233	769.684283
Os02g0255200	135.779021	396.1013117	609.4504577
Os08g0187500	101.6222553	397.996918	624.0351933
